<?xml version="1.0" encoding="UTF-8"?>
<!-- Generated by org.testng.reporters.JUnitReportReporter -->
<testsuite hostname="LAPTOP-S8KVD42F" failures="0" tests="3" name="automationcodeofTutorialsninja.SearchTest" time="50.227" errors="0" timestamp="2023-12-28T13:09:44 GMT-05:00" skipped="0">
  <testcase classname="automationcodeofTutorialsninja.SearchTest" name="SearchWithValidProduct" time="18.086"/>
  <testcase classname="automationcodeofTutorialsninja.SearchTest" name="SearchWithInvalidProduct" time="18.726"/>
  <testcase classname="automationcodeofTutorialsninja.SearchTest" name="SearchWithNoProduct" time="13.415"/>
</testsuite> <!-- automationcodeofTutorialsninja.SearchTest -->
