<?xml version="1.0" encoding="UTF-8"?>
<!-- Generated by org.testng.reporters.JUnitReportReporter -->
<testsuite hostname="LAPTOP-S8KVD42F" failures="0" tests="1" name="extentreports.SearchReporter" time="0.035" errors="0" timestamp="2023-11-03T15:22:08 GMT-04:00" skipped="0">
  <testcase classname="extentreports.SearchReporter" name="Search" time="0.035"/>
</testsuite> <!-- extentreports.SearchReporter -->
