<?xml version="1.0" encoding="UTF-8"?>
<!-- Generated by org.testng.reporters.JUnitReportReporter -->
<testsuite hostname="LAPTOP-S8KVD42F" failures="0" tests="1" name="extentreports.ReportConcept" time="0.636" errors="0" timestamp="2023-11-03T01:58:25 GMT-04:00" skipped="0">
  <testcase classname="extentreports.ReportConcept" name="Login" time="0.636"/>
</testsuite> <!-- extentreports.ReportConcept -->
