<?xml version="1.0" encoding="UTF-8"?>
<!-- Generated by org.testng.reporters.JUnitReportReporter -->
<testsuite hostname="LAPTOP-S8KVD42F" failures="0" tests="7" name="automationcodeofTutorialsninja.LogoutTest" time="224.844" errors="0" timestamp="2023-12-28T13:09:44 GMT-05:00" skipped="0">
  <testcase classname="automationcodeofTutorialsninja.LogoutTest" name="Lout" time="32.227"/>
  <testcase classname="automationcodeofTutorialsninja.LogoutTest" name="Lout" time="35.753"/>
  <testcase classname="automationcodeofTutorialsninja.LogoutTest" name="Lout" time="32.243"/>
  <testcase classname="automationcodeofTutorialsninja.LogoutTest" name="Lout" time="31.967"/>
  <testcase classname="automationcodeofTutorialsninja.LogoutTest" name="Lout" time="29.268"/>
  <testcase classname="automationcodeofTutorialsninja.LogoutTest" name="Lout" time="36.653"/>
  <testcase classname="automationcodeofTutorialsninja.LogoutTest" name="Lout" time="26.733"/>
</testsuite> <!-- automationcodeofTutorialsninja.LogoutTest -->
