<?xml version="1.0" encoding="UTF-8"?>
<!-- Generated by org.testng.reporters.JUnitReportReporter -->
<testsuite hostname="LAPTOP-S8KVD42F" failures="0" tests="1" name="automationcodeofTutorialsninja.CartTest" time="43.135" errors="0" timestamp="2023-12-28T13:09:44 GMT-05:00" skipped="0">
  <testcase classname="automationcodeofTutorialsninja.CartTest" name="addItemsToCart" time="43.135"/>
</testsuite> <!-- automationcodeofTutorialsninja.CartTest -->
