<?xml version="1.0" encoding="UTF-8"?>
<!-- Generated by org.testng.reporters.JUnitReportReporter -->
<testsuite hostname="LAPTOP-S8KVD42F" failures="0" tests="1" name="extentreports.LoginReporter" time="0.025" errors="0" timestamp="2023-11-03T15:22:08 GMT-04:00" skipped="0">
  <testcase classname="extentreports.LoginReporter" name="Login" time="0.025"/>
</testsuite> <!-- extentreports.LoginReporter -->
