<?xml version="1.0" encoding="UTF-8"?>
<!-- Generated by org.testng.reporters.JUnitReportReporter -->
<testsuite hostname="LAPTOP-S8KVD42F" failures="0" tests="1" name="extentreports.RegisterReporter" time="0.913" errors="0" timestamp="2023-11-03T15:22:08 GMT-04:00" skipped="0">
  <testcase classname="extentreports.RegisterReporter" name="Register" time="0.913"/>
</testsuite> <!-- extentreports.RegisterReporter -->
